<?xml version="1.0" encoding="UTF-8"?>
<!-- Generated by org.testng.reporters.JUnitXMLReporter -->
<testsuite ignored="0" hostname="Chandan" failures="0" tests="4" name="Surefire test" time="14.084" errors="0" timestamp="2025-02-17T18:33:49 IST">
  <testcase classname="api.test.UserTest" name="testPostUser" time="4.524"/>
  <testcase classname="api.test.UserTest" name="testGetUserByName" time="2.738"/>
  <testcase classname="api.test.UserTest" name="testUpdateUserByName" time="3.647"/>
  <testcase classname="api.test.UserTest" name="testDeleteUser" time="2.868"/>
</testsuite> <!-- Surefire test -->
