<?xml version="1.0" encoding="UTF-8"?>
<testng-results ignored="0" total="4" passed="4" failed="0" skipped="0">
  <reporter-output>
  </reporter-output>
  <suite started-at="2025-02-17T18:33:35 IST" name="Surefire suite" finished-at="2025-02-17T18:33:49 IST" duration-ms="14084">
    <groups>
    </groups>
    <test started-at="2025-02-17T18:33:35 IST" name="Surefire test" finished-at="2025-02-17T18:33:49 IST" duration-ms="14084">
      <class name="api.test.UserTest">
        <test-method is-config="true" signature="setupData()[pri:0, instance:api.test.UserTest@5ccddd20]" started-at="2025-02-17T18:33:35 IST" name="setupData" finished-at="2025-02-17T18:33:35 IST" duration-ms="238" status="PASS">
          <reporter-output>
          </reporter-output>
        </test-method> <!-- setupData -->
        <test-method signature="testPostUser()[pri:1, instance:api.test.UserTest@5ccddd20]" started-at="2025-02-17T18:33:35 IST" name="testPostUser" finished-at="2025-02-17T18:33:39 IST" duration-ms="4524" status="PASS">
          <reporter-output>
          </reporter-output>
        </test-method> <!-- testPostUser -->
        <test-method signature="testGetUserByName()[pri:2, instance:api.test.UserTest@5ccddd20]" started-at="2025-02-17T18:33:39 IST" name="testGetUserByName" finished-at="2025-02-17T18:33:42 IST" duration-ms="2738" status="PASS">
          <reporter-output>
          </reporter-output>
        </test-method> <!-- testGetUserByName -->
        <test-method signature="testUpdateUserByName()[pri:3, instance:api.test.UserTest@5ccddd20]" started-at="2025-02-17T18:33:42 IST" name="testUpdateUserByName" finished-at="2025-02-17T18:33:46 IST" duration-ms="3647" status="PASS">
          <reporter-output>
          </reporter-output>
        </test-method> <!-- testUpdateUserByName -->
        <test-method signature="testDeleteUser()[pri:4, instance:api.test.UserTest@5ccddd20]" started-at="2025-02-17T18:33:46 IST" name="testDeleteUser" finished-at="2025-02-17T18:33:49 IST" duration-ms="2868" status="PASS">
          <reporter-output>
          </reporter-output>
        </test-method> <!-- testDeleteUser -->
      </class> <!-- api.test.UserTest -->
    </test> <!-- Surefire test -->
  </suite> <!-- Surefire suite -->
</testng-results>
