<?xml version="1.0" encoding="UTF-8"?>
<testng-results ignored="0" total="4" passed="4" failed="0" skipped="0">
  <reporter-output>
  </reporter-output>
  <suite started-at="2025-02-16T11:31:05 IST" name="Default suite" finished-at="2025-02-16T11:31:20 IST" duration-ms="15141">
    <groups>
    </groups>
    <test started-at="2025-02-16T11:31:05 IST" name="Default test" finished-at="2025-02-16T11:31:20 IST" duration-ms="15141">
      <class name="api.test.UserTest">
        <test-method is-config="true" signature="setupData()[pri:0, instance:api.test.UserTest@6771beb3]" started-at="2025-02-16T11:31:05 IST" name="setupData" finished-at="2025-02-16T11:31:05 IST" duration-ms="223" status="PASS">
          <reporter-output>
          </reporter-output>
        </test-method> <!-- setupData -->
        <test-method signature="testPostUser()[pri:1, instance:api.test.UserTest@6771beb3]" started-at="2025-02-16T11:31:05 IST" name="testPostUser" finished-at="2025-02-16T11:31:10 IST" duration-ms="4365" status="PASS">
          <reporter-output>
          </reporter-output>
        </test-method> <!-- testPostUser -->
        <test-method signature="testGetUserByName()[pri:2, instance:api.test.UserTest@6771beb3]" started-at="2025-02-16T11:31:10 IST" name="testGetUserByName" finished-at="2025-02-16T11:31:12 IST" duration-ms="2183" status="PASS">
          <reporter-output>
          </reporter-output>
        </test-method> <!-- testGetUserByName -->
        <test-method signature="testUpdateUserByName()[pri:3, instance:api.test.UserTest@6771beb3]" started-at="2025-02-16T11:31:12 IST" name="testUpdateUserByName" finished-at="2025-02-16T11:31:18 IST" duration-ms="5737" status="PASS">
          <reporter-output>
          </reporter-output>
        </test-method> <!-- testUpdateUserByName -->
        <test-method signature="testDeleteUser()[pri:4, instance:api.test.UserTest@6771beb3]" started-at="2025-02-16T11:31:18 IST" name="testDeleteUser" finished-at="2025-02-16T11:31:20 IST" duration-ms="2556" status="PASS">
          <reporter-output>
          </reporter-output>
        </test-method> <!-- testDeleteUser -->
      </class> <!-- api.test.UserTest -->
    </test> <!-- Default test -->
  </suite> <!-- Default suite -->
</testng-results>
